<?xml version="1.0" encoding="UTF-8"?>
<!-- Generated by org.testng.reporters.JUnitReportReporter -->
<testsuite skipped="0" hostname="9755419-ATWTAP7" name="firsttestngpackage.FirstTestNGFile" tests="2" failures="0" timestamp="05 Feb 2020 10:56:01 GMT" time="480.403" errors="0">
  <testcase name="login" time="480.370" classname="firsttestngpackage.FirstTestNGFile"/>
  <testcase name="verifyHomepageTitle" time="0.033" classname="firsttestngpackage.FirstTestNGFile"/>
</testsuite> <!-- firsttestngpackage.FirstTestNGFile -->
